<?xml version="1.0" encoding="UTF-8"?>
<testng-results skipped="0" failed="0" ignored="0" total="1" passed="1">
  <reporter-output>
  </reporter-output>
  <suite name="Suite" duration-ms="33453" started-at="2020-04-19T17:15:38Z" finished-at="2020-04-19T17:16:12Z">
    <groups>
    </groups>
    <test name="Test" duration-ms="33453" started-at="2020-04-19T17:15:38Z" finished-at="2020-04-19T17:16:12Z">
      <class name="com.trivago.tests.SearchHotelTest">
        <test-method status="PASS" signature="setUp()[pri:0, instance:com.trivago.tests.SearchHotelTest@3cc2931c]" name="setUp" is-config="true" duration-ms="22554" started-at="2020-04-19T17:15:38Z" finished-at="2020-04-19T17:16:01Z">
          <reporter-output>
          </reporter-output>
        </test-method> <!-- setUp -->
        <test-method status="PASS" signature="searchHotels()[pri:0, instance:com.trivago.tests.SearchHotelTest@3cc2931c]" name="searchHotels" duration-ms="7970" started-at="2020-04-19T17:16:02Z" finished-at="2020-04-19T17:16:10Z">
          <reporter-output>
          </reporter-output>
        </test-method> <!-- searchHotels -->
        <test-method status="PASS" signature="tearDown()[pri:0, instance:com.trivago.tests.SearchHotelTest@3cc2931c]" name="tearDown" is-config="true" duration-ms="1543" started-at="2020-04-19T17:16:10Z" finished-at="2020-04-19T17:16:12Z">
          <reporter-output>
          </reporter-output>
        </test-method> <!-- tearDown -->
      </class> <!-- com.trivago.tests.SearchHotelTest -->
    </test> <!-- Test -->
  </suite> <!-- Suite -->
</testng-results>
